<?xml version="1.0" encoding="UTF-8" ?>
<testsuite tests="2" failures="1" name="org.solent.com528.project.clientservice.impl.test.TicketEncoderImplTest" time="0.246" errors="0" skipped="0">
  <properties>
[...]
</properties>
  <testcase classname="org.solent.com528.project.clientservice.impl.test.TicketEncoderImplTest" name="testTicketEncodeInvalid" time="0.224"/>
  <testcase classname="org.solent.com528.project.clientservice.impl.test.TicketEncoderImplTest" name="testTicketEncodeValidate" time="0.022">
    <failure type="java.lang.AssertionError">java.lang.AssertionError
	at org.junit.Assert.fail(Assert.java:86)
	at org.junit.Assert.assertTrue(Assert.java:41)
	at org.junit.Assert.assertFalse(Assert.java:64)
	at org.junit.Assert.assertFalse(Assert.java:74)
	at org.solent.com528.project.clientservice.impl.test.TicketEncoderImplTest.testTicketEncodeValidate(TicketEncoderImplTest.java:41)
	at java.base/jdk.internal.reflect.NativeMethodAccessorImpl.invoke0(Native Method)
	at java.base/jdk.internal.reflect.NativeMethodAccessorImpl.invoke(NativeMethodAccessorImpl.java:62)
	at java.base/jdk.internal.reflect.DelegatingMethodAccessorImpl.invoke(DelegatingMethodAccessorImpl.java:43)
	at java.base/java.lang.reflect.Method.invoke(Method.java:566)
	at org.junit.runners.model.FrameworkMethod$1.runReflectiveCall(FrameworkMethod.java:50)
	at org.junit.internal.runners.model.ReflectiveCallable.run(ReflectiveCallable.java:12)
	at org.junit.runners.model.FrameworkMethod.invokeExplosively(FrameworkMethod.java:47)
	at org.junit.internal.runners.statements.InvokeMethod.evaluate(InvokeMethod.java:17)
	at org.junit.runners.ParentRunner.runLeaf(ParentRunner.java:325)
	at org.junit.runners.BlockJUnit4ClassRunner.runChild(BlockJUnit4ClassRunner.java:78)
	at org.junit.runners.BlockJUnit4ClassRunner.runChild(BlockJUnit4ClassRunner.java:57)
	at org.junit.runners.ParentRunner$3.run(ParentRunner.java:290)
	at org.junit.runners.ParentRunner$1.schedule(ParentRunner.java:71)
	at org.junit.runners.ParentRunner.runChildren(ParentRunner.java:288)
	at org.junit.runners.ParentRunner.access$000(ParentRunner.java:58)
	at org.junit.runners.ParentRunner$2.evaluate(ParentRunner.java:268)
	at org.junit.runners.ParentRunner.run(ParentRunner.java:363)
	at org.apache.maven.surefire.junit4.JUnit4Provider.execute(JUnit4Provider.java:252)
	at org.apache.maven.surefire.junit4.JUnit4Provider.executeTestSet(JUnit4Provider.java:141)
	at org.apache.maven.surefire.junit4.JUnit4Provider.invoke(JUnit4Provider.java:112)
	at java.base/jdk.internal.reflect.NativeMethodAccessorImpl.invoke0(Native Method)
	at java.base/jdk.internal.reflect.NativeMethodAccessorImpl.invoke(NativeMethodAccessorImpl.java:62)
	at java.base/jdk.internal.reflect.DelegatingMethodAccessorImpl.invoke(DelegatingMethodAccessorImpl.java:43)
	at java.base/java.lang.reflect.Method.invoke(Method.java:566)
	at org.apache.maven.surefire.util.ReflectionUtils.invokeMethodWithArray(ReflectionUtils.java:189)
	at org.apache.maven.surefire.booter.ProviderFactory$ProviderProxy.invoke(ProviderFactory.java:165)
	at org.apache.maven.surefire.booter.ProviderFactory.invokeProvider(ProviderFactory.java:85)
	at org.apache.maven.surefire.booter.ForkedBooter.runSuitesInProcess(ForkedBooter.java:115)
	at org.apache.maven.surefire.booter.ForkedBooter.main(ForkedBooter.java:75)
</failure>
    <system-out>16:47:52.316 [main] DEBUG org.solent.com528.project.clientservice.impl.TicketEncoderImpl - Ticket to encode: 
&lt;?xml version=&quot;1.0&quot; encoding=&quot;UTF-8&quot; standalone=&quot;yes&quot;?&gt;
&lt;ticket&gt;
    &lt;startStation&gt;Waterloo&lt;/startStation&gt;
    &lt;cost&gt;5.5&lt;/cost&gt;
&lt;/ticket&gt;

16:47:52.317 [main] DEBUG org.solent.com528.project.clientservice.impl.TicketEncoderImpl - Unencoded ticket MD5 hash: 
3B38AE282D5932058899C87814A94C77
16:47:52.317 [main] DEBUG solent.ac.uk.com504.examples.ticketgate.crypto.AsymmetricCryptography - getPrivateFromClassPath read keybytes.length bytes:635
16:47:52.320 [main] DEBUG org.solent.com528.project.clientservice.impl.TicketEncoderImpl - Encrypted ticket MD5 hash: euU/qvHZDXVMkw6+08id+dM4YlOgMX2kfWD7UqoMZVzWKeXCpLE1MDcGaG7qFN1joTxvilZWRX+btxsgW0KALc0hSDRHwjIqQXaSu4Tva4iHZt4Ixd7Cdm/fObWkNlmlMBkccPEFnAq/ofxXDU9ohFQO7sxWws66nQTFlTCdNao=
16:47:52.320 [main] DEBUG org.solent.com528.project.clientservice.impl.TicketEncoderImpl - ticket with encrypted hash: &lt;?xml version=&quot;1.0&quot; encoding=&quot;UTF-8&quot; standalone=&quot;yes&quot;?&gt;
&lt;ticket&gt;
    &lt;startStation&gt;Waterloo&lt;/startStation&gt;
    &lt;cost&gt;5.5&lt;/cost&gt;
    &lt;encryptedHash&gt;euU/qvHZDXVMkw6+08id+dM4YlOgMX2kfWD7UqoMZVzWKeXCpLE1MDcGaG7qFN1joTxvilZWRX+btxsgW0KALc0hSDRHwjIqQXaSu4Tva4iHZt4Ixd7Cdm/fObWkNlmlMBkccPEFnAq/ofxXDU9ohFQO7sxWws66nQTFlTCdNao=&lt;/encryptedHash&gt;
&lt;/ticket&gt;

16:47:52.320 [main] DEBUG org.solent.com528.project.clientservice.impl.test.TicketEncoderImplTest - encoded ticket to validate :
&lt;?xml version=&quot;1.0&quot; encoding=&quot;UTF-8&quot; standalone=&quot;yes&quot;?&gt;
&lt;ticket&gt;
    &lt;startStation&gt;Waterloo&lt;/startStation&gt;
    &lt;cost&gt;5.5&lt;/cost&gt;
    &lt;encryptedHash&gt;euU/qvHZDXVMkw6+08id+dM4YlOgMX2kfWD7UqoMZVzWKeXCpLE1MDcGaG7qFN1joTxvilZWRX+btxsgW0KALc0hSDRHwjIqQXaSu4Tva4iHZt4Ixd7Cdm/fObWkNlmlMBkccPEFnAq/ofxXDU9ohFQO7sxWws66nQTFlTCdNao=&lt;/encryptedHash&gt;
&lt;/ticket&gt;

16:47:52.320 [main] DEBUG org.solent.com528.project.clientservice.impl.TicketEncoderImpl - validating ticket : 
&lt;?xml version=&quot;1.0&quot; encoding=&quot;UTF-8&quot; standalone=&quot;yes&quot;?&gt;
&lt;ticket&gt;
    &lt;startStation&gt;Waterloo&lt;/startStation&gt;
    &lt;cost&gt;5.5&lt;/cost&gt;
    &lt;encryptedHash&gt;euU/qvHZDXVMkw6+08id+dM4YlOgMX2kfWD7UqoMZVzWKeXCpLE1MDcGaG7qFN1joTxvilZWRX+btxsgW0KALc0hSDRHwjIqQXaSu4Tva4iHZt4Ixd7Cdm/fObWkNlmlMBkccPEFnAq/ofxXDU9ohFQO7sxWws66nQTFlTCdNao=&lt;/encryptedHash&gt;
&lt;/ticket&gt;

16:47:52.330 [main] DEBUG org.solent.com528.project.clientservice.impl.TicketEncoderImpl - regenerated ticket xml hash: 3B38AE282D5932058899C87814A94C77
16:47:52.331 [main] DEBUG org.solent.com528.project.clientservice.impl.TicketEncoderImpl - decryptedTicketHash        : 3B38AE282D5932058899C87814A94C77
16:47:52.331 [main] DEBUG org.solent.com528.project.clientservice.impl.TicketEncoderImpl - ticket is valid
</system-out>
  </testcase>
</testsuite>